[    0.000000] Initializing cgroup subsys cpuset
[    0.000000] Initializing cgroup subsys cpu
[    0.000000] Initializing cgroup subsys cpuacct
[    0.000000] Linux version 4.4.0-210-generic (buildd@lgw01-amd64-009) (gcc version 5.4.0 20160609 (Ubuntu 5.4.0-6ubuntu1~16.04.12) ) #242-Ubuntu SMP Fri Apr 16 09:57:56 UTC 2021 (Ubuntu 4.4.0-210.242-generic 4.4.262)
[    0.000000] Command line: BOOT_IMAGE=/boot/vmlinuz-4.4.0-210-generic root=UUID=54662b82-0ae8-45c6-a2e0-52a5f9e05dd8 ro console=tty1 console=ttyS0
[    0.000000] KERNEL supported cpus:
[    0.000000]   Intel GenuineIntel
[    0.000000]   AMD AuthenticAMD
[    0.000000]   Centaur CentaurHauls
[    0.000000] x86/fpu: Legacy x87 FPU detected.
[    0.000000] e820: BIOS-provided physical RAM map:
[    0.000000] BIOS-e820: [mem 0x0000000000000000-0x000000000009fbff] usable
[    0.000000] BIOS-e820: [mem 0x000000000009fc00-0x000000000009ffff] reserved
[    0.000000] BIOS-e820: [mem 0x00000000000f0000-0x00000000000fffff] reserved
[    0.000000] BIOS-e820: [mem 0x0000000000100000-0x000000007ffeffff] usable
[    0.000000] BIOS-e820: [mem 0x000000007fff0000-0x000000007fffffff] ACPI data
[    0.000000] BIOS-e820: [mem 0x00000000fec00000-0x00000000fec00fff] reserved
[    0.000000] BIOS-e820: [mem 0x00000000fee00000-0x00000000fee00fff] reserved
[    0.000000] BIOS-e820: [mem 0x00000000fffc0000-0x00000000ffffffff] reserved
[    0.000000] NX (Execute Disable) protection: active
[    0.000000] SMBIOS 2.5 present.
[    0.000000] Hypervisor detected: KVM
[    0.000000] Kernel/User page tables isolation: disabled
[    0.000000] e820: last_pfn = 0x7fff0 max_arch_pfn = 0x400000000
[    0.000000] MTRR: Disabled
[    0.000000] x86/PAT: MTRRs disabled, skipping PAT initialization too.
[    0.000000] CPU MTRRs all blank - virtualized system.
[    0.000000] x86/PAT: Configuration [0-7]: WB  WT  UC- UC  WB  WT  UC- UC  
[    0.000000] found SMP MP-table at [mem 0x0009fff0-0x0009ffff] mapped at [ffff88000009fff0]
[    0.000000] Scanning 1 areas for low memory corruption
[    0.000000] RAMDISK: [mem 0x35994000-0x36cc1fff]
[    0.000000] ACPI: Early table checksum verification disabled
[    0.000000] ACPI: RSDP 0x00000000000E0000 000024 (v02 VBOX  )
[    0.000000] ACPI: XSDT 0x000000007FFF0030 00003C (v01 VBOX   VBOXXSDT 00000001 ASL  00000061)
[    0.000000] ACPI: FACP 0x000000007FFF00F0 0000F4 (v04 VBOX   VBOXFACP 00000001 ASL  00000061)
[    0.000000] ACPI: DSDT 0x000000007FFF0470 002325 (v02 VBOX   VBOXBIOS 00000002 INTL 20100528)
[    0.000000] ACPI: FACS 0x000000007FFF0200 000040
[    0.000000] ACPI: FACS 0x000000007FFF0200 000040
[    0.000000] ACPI: APIC 0x000000007FFF0240 00005C (v02 VBOX   VBOXAPIC 00000001 ASL  00000061)
[    0.000000] ACPI: SSDT 0x000000007FFF02A0 0001CC (v01 VBOX   VBOXCPUT 00000002 INTL 20100528)
[    0.000000] No NUMA configuration found
[    0.000000] Faking a node at [mem 0x0000000000000000-0x000000007ffeffff]
[    0.000000] NODE_DATA(0) allocated [mem 0x7ffeb000-0x7ffeffff]
[    0.000000] kvm-clock: Using msrs 4b564d01 and 4b564d00
[    0.000000] kvm-clock: cpu 0, msr 0:7ffe3001, primary cpu clock
[    0.000000] kvm-clock: using sched offset of 3732656267 cycles
[    0.000000] clocksource: kvm-clock: mask: 0xffffffffffffffff max_cycles: 0x1cd42e4dffb, max_idle_ns: 881590591483 ns
[    0.000000] Zone ranges:
[    0.000000]   DMA      [mem 0x0000000000001000-0x0000000000ffffff]
[    0.000000]   DMA32    [mem 0x0000000001000000-0x000000007ffeffff]
[    0.000000]   Normal   empty
[    0.000000]   Device   empty
[    0.000000] Movable zone start for each node
[    0.000000] Early memory node ranges
[    0.000000]   node   0: [mem 0x0000000000001000-0x000000000009efff]
[    0.000000]   node   0: [mem 0x0000000000100000-0x000000007ffeffff]
[    0.000000] Initmem setup node 0 [mem 0x0000000000001000-0x000000007ffeffff]
[    0.000000] ACPI: PM-Timer IO Port: 0x4008
[    0.000000] IOAPIC[0]: apic_id 2, version 32, address 0xfec00000, GSI 0-23
[    0.000000] ACPI: INT_SRC_OVR (bus 0 bus_irq 0 global_irq 2 dfl dfl)
[    0.000000] ACPI: INT_SRC_OVR (bus 0 bus_irq 9 global_irq 9 low level)
[    0.000000] Using ACPI (MADT) for SMP configuration information
[    0.000000] smpboot: Allowing 2 CPUs, 0 hotplug CPUs
[    0.000000] PM: Registered nosave memory: [mem 0x00000000-0x00000fff]
[    0.000000] PM: Registered nosave memory: [mem 0x0009f000-0x0009ffff]
[    0.000000] PM: Registered nosave memory: [mem 0x000a0000-0x000effff]
[    0.000000] PM: Registered nosave memory: [mem 0x000f0000-0x000fffff]
[    0.000000] e820: [mem 0x80000000-0xfebfffff] available for PCI devices
[    0.000000] Booting paravirtualized kernel on KVM
[    0.000000] clocksource: refined-jiffies: mask: 0xffffffff max_cycles: 0xffffffff, max_idle_ns: 7645519600211568 ns
[    0.000000] setup_percpu: NR_CPUS:512 nr_cpumask_bits:512 nr_cpu_ids:2 nr_node_ids:1
[    0.000000] PERCPU: Embedded 33 pages/cpu @ffff88007fc00000 s95192 r8192 d31784 u1048576
[    0.000000] Built 1 zonelists in Node order, mobility grouping on.  Total pages: 515960
[    0.000000] Policy zone: DMA32
[    0.000000] Kernel command line: BOOT_IMAGE=/boot/vmlinuz-4.4.0-210-generic root=UUID=54662b82-0ae8-45c6-a2e0-52a5f9e05dd8 ro console=tty1 console=ttyS0
[    0.000000] PID hash table entries: 4096 (order: 3, 32768 bytes)
[    0.000000] Memory: 2025232K/2096696K available (8644K kernel code, 1332K rwdata, 4044K rodata, 1492K init, 1164K bss, 71464K reserved, 0K cma-reserved)
[    0.000000] SLUB: HWalign=64, Order=0-3, MinObjects=0, CPUs=2, Nodes=1
[    0.000000] Hierarchical RCU implementation.
[    0.000000] 	Build-time adjustment of leaf fanout to 64.
[    0.000000] 	RCU restricting CPUs from NR_CPUS=512 to nr_cpu_ids=2.
[    0.000000] RCU: Adjusting geometry for rcu_fanout_leaf=64, nr_cpu_ids=2
[    0.000000] NR_IRQS:33024 nr_irqs:440 16
[    0.000000] Console: colour VGA+ 80x25
[    0.000000] console [tty1] enabled
[    0.000000] console [ttyS0] enabled
[    0.000000] tsc: Detected 2903.998 MHz processor
[    0.570646] Calibrating delay loop (skipped) preset value.. 5807.99 BogoMIPS (lpj=11615992)
[    0.576618] pid_max: default: 32768 minimum: 301
[    0.581626] ACPI: Core revision 20150930
[    0.584974] ACPI: 2 ACPI AML tables successfully acquired and loaded
[    0.589597] Security Framework initialized
[    0.592516] Yama: becoming mindful.
[    0.594838] AppArmor: AppArmor initialized
[    0.597907] Dentry cache hash table entries: 262144 (order: 9, 2097152 bytes)
[    0.607917] Inode-cache hash table entries: 131072 (order: 8, 1048576 bytes)
[    0.619110] Mount-cache hash table entries: 4096 (order: 3, 32768 bytes)
[    0.624756] Mountpoint-cache hash table entries: 4096 (order: 3, 32768 bytes)
[    0.629824] Initializing cgroup subsys io
[    0.632450] Initializing cgroup subsys memory
[    0.635156] Initializing cgroup subsys devices
[    0.639066] Initializing cgroup subsys freezer
[    0.643079] Initializing cgroup subsys net_cls
[    0.647170] Initializing cgroup subsys perf_event
[    0.650163] Initializing cgroup subsys net_prio
[    0.653213] Initializing cgroup subsys hugetlb
[    0.655965] Initializing cgroup subsys pids
[    0.660692] mce: CPU supports 0 MCE banks
[    0.663308] Last level iTLB entries: 4KB 64, 2MB 8, 4MB 8
[    0.667905] Last level dTLB entries: 4KB 64, 2MB 0, 4MB 0, 1GB 4
[    0.674231] Spectre V1 : Mitigation: usercopy/swapgs barriers and __user pointer sanitization
[    0.680718] Spectre V2 : Mitigation: Enhanced IBRS
[    0.683626] Spectre V2 : Spectre v2 / SpectreRSB mitigation: Filling RSB on context switch
[    0.692388] Speculative Store Bypass: Vulnerable
[    0.720909] Freeing SMP alternatives memory: 36K
[    0.775174] ftrace: allocating 32380 entries in 127 pages
[    1.134985] smpboot: APIC(0) Converting physical 0 to logical package 0
[    1.140078] smpboot: Max logical packages: 1
[    1.153775] ..TIMER: vector=0x30 apic1=0 pin1=2 apic2=-1 pin2=-1
[    1.265781] smpboot: CPU0: Intel(R) Core(TM) i7-10700 CPU @ 2.90GHz (family: 0x6, model: 0xa5, stepping: 0x5)
[    1.272394] Performance Events: unsupported p6 CPU model 165 no PMU driver, software events only.
[    1.333192] KVM setup paravirtual spinlock
[    1.339515] x86: Booting SMP configuration:
[    1.342078] .... node  #0, CPUs:      #1
[    1.345402] kvm-clock: cpu 1, msr 0:7ffe3041, secondary cpu clock
[    1.348701] mce: CPU supports 0 MCE banks
[    1.352055] TSC synchronization [CPU#0 -> CPU#1]:
[    1.354902] Measured 40797 cycles TSC warp between CPUs, turning off TSC clock.
[    1.359013] tsc: Marking TSC unstable due to check_tsc_sync_source failed
[    0.408032] x86: Booted up 1 node, 2 CPUs
[    0.410404] smpboot: Total of 2 processors activated (11615.99 BogoMIPS)
[    0.417122] devtmpfs: initialized
[    0.421636] evm: security.selinux
[    0.424002] evm: security.SMACK64
[    0.425993] evm: security.SMACK64EXEC
[    0.428001] evm: security.SMACK64TRANSMUTE
[    0.430371] evm: security.SMACK64MMAP
[    0.432001] evm: security.ima
[    0.433817] evm: security.capability
[    0.436172] clocksource: jiffies: mask: 0xffffffff max_cycles: 0xffffffff, max_idle_ns: 7645041785100000 ns
[    0.440009] futex hash table entries: 512 (order: 3, 32768 bytes)
[    0.444298] pinctrl core: initialized pinctrl subsystem
[    0.448246] RTC time: 17:06:04, date: 09/15/21
[    0.452678] NET: Registered protocol family 16
[    0.468005] cpuidle: using governor ladder
[    0.480006] cpuidle: using governor menu
[    0.482421] PCCT header not found.
[    0.484000] ACPI: bus type PCI registered
[    0.484075] acpiphp: ACPI Hot Plug PCI Controller Driver version: 0.5
[    0.488304] PCI: Using configuration type 1 for base access
[    0.508209] ACPI: Added _OSI(Module Device)
[    0.510688] ACPI: Added _OSI(Processor Device)
[    0.512002] ACPI: Added _OSI(3.0 _SCP Extensions)
[    0.516002] ACPI: Added _OSI(Processor Aggregator Device)
[    0.519914] ACPI: Executed 1 blocks of module-level executable AML code
[    0.526233] ACPI: Interpreter enabled
[    0.528000] ACPI: (supports S0 S5)
[    0.528002] ACPI: Using IOAPIC for interrupt routing
[    0.532243] PCI: Using host bridge windows from ACPI; if necessary, use "pci=nocrs" and report a bug
[    0.542801] ACPI: PCI Root Bridge [PCI0] (domain 0000 [bus 00-ff])
[    0.544004] acpi PNP0A03:00: _OSC: OS supports [ASPM ClockPM Segments MSI]
[    0.548455] acpi PNP0A03:00: _OSC: not requesting OS control; OS requires [ExtendedConfig ASPM ClockPM MSI]
[    0.552007] acpi PNP0A03:00: fail to add MMCONFIG information, can't access extended PCI configuration space under this bridge.
[    0.556489] PCI host bridge to bus 0000:00
[    0.560004] pci_bus 0000:00: root bus resource [io  0x0000-0x0cf7 window]
[    0.563777] pci_bus 0000:00: root bus resource [io  0x0d00-0xffff window]
[    0.564002] pci_bus 0000:00: root bus resource [mem 0x000a0000-0x000bffff window]
[    0.568002] pci_bus 0000:00: root bus resource [mem 0x80000000-0xfdffffff window]
[    0.572003] pci_bus 0000:00: root bus resource [bus 00-ff]
[    0.582513] pci 0000:00:01.1: legacy IDE quirk: reg 0x10: [io  0x01f0-0x01f7]
[    0.584003] pci 0000:00:01.1: legacy IDE quirk: reg 0x14: [io  0x03f6]
[    0.588002] pci 0000:00:01.1: legacy IDE quirk: reg 0x18: [io  0x0170-0x0177]
[    0.592003] pci 0000:00:01.1: legacy IDE quirk: reg 0x1c: [io  0x0376]
[    0.647242] pci 0000:00:07.0: quirk: [io  0x4000-0x403f] claimed by PIIX4 ACPI
[    0.648026] pci 0000:00:07.0: quirk: [io  0x4100-0x410f] claimed by PIIX4 SMB
[    0.662331] ACPI: PCI Interrupt Link [LNKA] (IRQs 5 9 10 *11)
[    0.668338] ACPI: PCI Interrupt Link [LNKB] (IRQs 5 9 *10 11)
[    0.673116] ACPI: PCI Interrupt Link [LNKC] (IRQs 5 *9 10 11)
[    0.678062] ACPI: PCI Interrupt Link [LNKD] (IRQs 5 9 10 *11)
[    0.682093] ACPI: Enabled 2 GPEs in block 00 to 07
[    0.684166] vgaarb: setting as boot device: PCI:0000:00:02.0
[    0.687288] vgaarb: device added: PCI:0000:00:02.0,decodes=io+mem,owns=io+mem,locks=none
[    0.688005] vgaarb: loaded
[    0.692002] vgaarb: bridge control possible 0000:00:02.0
[    0.696286] SCSI subsystem initialized
[    0.698629] ACPI: bus type USB registered
[    0.700034] usbcore: registered new interface driver usbfs
[    0.704023] usbcore: registered new interface driver hub
[    0.708011] usbcore: registered new device driver usb
[    0.712324] PCI: Using ACPI for IRQ routing
[    0.716564] NetLabel: Initializing
[    0.718609] NetLabel:  domain hash size = 128
[    0.720001] NetLabel:  protocols = UNLABELED CIPSOv4
[    0.724015] NetLabel:  unlabeled traffic allowed by default
[    0.728097] amd_nb: Cannot enumerate AMD northbridges
[    0.732270] clocksource: Switched to clocksource kvm-clock
[    0.740046] AppArmor: AppArmor Filesystem Enabled
[    0.740046] pnp: PnP ACPI init
[    0.740046] pnp: PnP ACPI: found 3 devices
[    0.802784] clocksource: acpi_pm: mask: 0xffffff max_cycles: 0xffffff, max_idle_ns: 2085701024 ns
[    0.804293] NET: Registered protocol family 2
[    0.811265] TCP established hash table entries: 16384 (order: 5, 131072 bytes)
[    0.814926] TCP bind hash table entries: 16384 (order: 6, 262144 bytes)
[    0.822507] TCP: Hash tables configured (established 16384 bind 16384)
[    0.823936] UDP hash table entries: 1024 (order: 3, 32768 bytes)
[    0.823936] UDP-Lite hash table entries: 1024 (order: 3, 32768 bytes)
[    0.823936] NET: Registered protocol family 1
[    0.823936] pci 0000:00:00.0: Limiting direct PCI/PCI transfers
[    0.823936] pci 0000:00:01.0: Activating ISA DMA hang workarounds
[    0.823936] Unpacking initramfs...
[    1.246440] Freeing initrd memory: 19640K
[    1.249358] clocksource: tsc: mask: 0xffffffffffffffff max_cycles: 0x29dc03c1beb, max_idle_ns: 440795205215 ns
[    1.256205] platform rtc_cmos: registered platform RTC device (no PNP device found)
[    1.261021] Scanning for low memory corruption every 60 seconds
[    1.265731] audit: initializing netlink subsys (disabled)
[    1.269099] audit: type=2000 audit(1631725569.239:1): initialized
[    1.272868] Initialise system trusted keyring
[    1.276684] HugeTLB registered 2 MB page size, pre-allocated 0 pages
[    1.281959] zbud: loaded
[    1.284418] VFS: Disk quotas dquot_6.6.0
[    1.286821] VFS: Dquot-cache hash table entries: 512 (order 0, 4096 bytes)
[    1.291345] squashfs: version 4.0 (2009/01/31) Phillip Lougher
[    1.295920] fuse init (API version 7.23)
[    1.298965] Key type big_key registered
[    1.301444] Allocating IMA MOK and blacklist keyrings.
[    1.314985] Key type asymmetric registered
[    1.317642] Asymmetric key parser 'x509' registered
[    1.320965] Block layer SCSI generic (bsg) driver version 0.4 loaded (major 249)
[    1.325808] io scheduler noop registered
[    1.328118] io scheduler deadline registered (default)
[    1.331452] io scheduler cfq registered
[    1.333926] pci_hotplug: PCI Hot Plug PCI Core version: 0.5
[    1.337293] pciehp: PCI Express Hot Plug Controller Driver version: 0.4
[    1.341221] ACPI: AC Adapter [AC] (on-line)
[    1.343820] input: Power Button as /devices/LNXSYSTM:00/LNXPWRBN:00/input/input0
[    1.348205] ACPI: Power Button [PWRF]
[    1.350516] input: Sleep Button as /devices/LNXSYSTM:00/LNXSLPBN:00/input/input1
[    1.354896] ACPI: Sleep Button [SLPF]
[    1.357844] GHES: HEST is not enabled!
[    1.360603] Serial: 8250/16550 driver, 32 ports, IRQ sharing enabled
[    1.388408] 00:02: ttyS0 at I/O 0x3f8 (irq = 4, base_baud = 115200) is a 16550A
[    1.406193] Linux agpgart interface v0.103
[    1.416604] loop: module loaded
[    1.420165] scsi host0: ata_piix
[    1.422908] scsi host1: ata_piix
[    1.425133] ata1: PATA max UDMA/33 cmd 0x1f0 ctl 0x3f6 bmdma 0xd000 irq 14
[    1.429282] ata2: PATA max UDMA/33 cmd 0x170 ctl 0x376 bmdma 0xd008 irq 15
[    1.433331] libphy: Fixed MDIO Bus: probed
[    1.436583] tun: Universal TUN/TAP device driver, 1.6
[    1.441673] tun: (C) 1999-2004 Max Krasnyansky <maxk@qualcomm.com>
[    1.447918] PPP generic driver version 2.4.2
[    1.452385] ehci_hcd: USB 2.0 'Enhanced' Host Controller (EHCI) Driver
[    1.457020] ehci-pci: EHCI PCI platform driver
[    1.459924] ehci-platform: EHCI generic platform driver
[    1.463325] ohci_hcd: USB 1.1 'Open' Host Controller (OHCI) Driver
[    1.467186] ohci-pci: OHCI PCI platform driver
[    1.470115] ohci-platform: OHCI generic platform driver
[    1.473441] uhci_hcd: USB Universal Host Controller Interface driver
[    1.477403] i8042: PNP: PS/2 Controller [PNP0303:PS2K,PNP0f03:PS2M] at 0x60,0x64 irq 1,12
[    1.484624] serio: i8042 KBD port at 0x60,0x64 irq 1
[    1.487779] serio: i8042 AUX port at 0x60,0x64 irq 12
[    1.491332] mousedev: PS/2 mouse device common for all mice
[    1.495828] input: AT Translated Set 2 keyboard as /devices/platform/i8042/serio0/input/input2
[    1.502450] rtc_cmos rtc_cmos: rtc core: registered rtc_cmos as rtc0
[    1.506924] rtc_cmos rtc_cmos: alarms up to one day, 114 bytes nvram
[    1.510812] i2c /dev entries driver
[    1.513265] device-mapper: uevent: version 1.0.3
[    1.516391] device-mapper: ioctl: 4.34.0-ioctl (2015-10-28) initialised: dm-devel@redhat.com
[    1.521487] ledtrig-cpu: registered to indicate activity on CPUs
[    1.526252] NET: Registered protocol family 10
[    1.529681] NET: Registered protocol family 17
[    1.532664] Key type dns_resolver registered
[    1.535634] registered taskstats version 1
[    1.538501] Loading compiled-in X.509 certificates
[    1.541998] Loaded X.509 cert 'Build time autogenerated kernel key: cf00e047681d67edb2720680708b7d9498083038'
[    1.547973] zswap: loaded using pool lzo/zbud
[    1.554502] Key type trusted registered
[    1.563325] Key type encrypted registered
[    1.566235] AppArmor: AppArmor sha1 policy hashing enabled
[    1.569840] ima: No TPM chip found, activating TPM-bypass!
[    1.573349] ima: Allocated hash algorithm: sha1
[    1.576407] evm: HMAC attrs: 0x1
[    1.579546]   Magic number: 5:15:138
[    1.582542] rtc_cmos rtc_cmos: setting system clock to 2021-09-15 17:06:05 UTC (1631725565)
[    1.588226] BIOS EDD facility v0.16 2004-Jun-25, 0 devices found
[    1.592175] EDD information not available.
[    1.633266] Freeing unused kernel memory: 1492K
[    1.636321] Write protecting the kernel read-only data: 14336k
[    1.640784] Freeing unused kernel memory: 1584K
[    1.643973] Freeing unused kernel memory: 52K
Loading, please wait...
starting version 229
[    1.665214] random: systemd-udevd: uninitialized urandom read (16 bytes read, 5 bits of entropy available)
[    1.665357] random: udevadm: uninitialized urandom read (16 bytes read, 5 bits of entropy available)
[    1.665366] random: udevadm: uninitialized urandom read (16 bytes read, 5 bits of entropy available)
[    1.675239] random: udevadm: uninitialized urandom read (16 bytes read, 5 bits of entropy available)
[    1.675261] random: udevadm: uninitialized urandom read (16 bytes read, 5 bits of entropy available)
[    1.675385] random: udevadm: uninitialized urandom read (16 bytes read, 5 bits of entropy available)
[    1.675446] random: udevadm: uninitialized urandom read (16 bytes read, 5 bits of entropy available)
[    1.675474] random: udevadm: uninitialized urandom read (16 bytes read, 5 bits of entropy available)
[    1.675499] random: udevadm: uninitialized urandom read (16 bytes read, 5 bits of entropy available)
[    1.675522] random: udevadm: uninitialized urandom read (16 bytes read, 5 bits of entropy available)
[    1.750714] e1000: Intel(R) PRO/1000 Network Driver - version 7.3.21-k8-NAPI
[    1.755634] e1000: Copyright (c) 1999-2006 Intel Corporation.
[    1.776076] Fusion MPT base driver 3.04.20
[    1.779110] Copyright (c) 1999-2008 LSI Corporation
[    1.790934] Fusion MPT SPI Host driver 3.04.20
[    1.983809] input: ImExPS/2 Generic Explorer Mouse as /devices/platform/i8042/serio1/input/input4
[    2.856400] e1000 0000:00:03.0 eth0: (PCI:33MHz:32-bit) 02:a0:46:b5:71:eb
[    2.860811] e1000 0000:00:03.0 eth0: Intel(R) PRO/1000 Network Connection
[    2.866023] mptbase: ioc0: Initiating bringup
[    2.950356] ioc0: LSI53C1030 A0: Capabilities={Initiator}
[    3.171486] scsi host2: ioc0: LSI53C1030 A0, FwRev=00000000h, Ports=1, MaxQ=256, IRQ=20
[    3.895663] scsi 2:0:0:0: Direct-Access     VBOX     HARDDISK         1.0  PQ: 0 ANSI: 5
[    3.901021] scsi target2:0:0: Beginning Domain Validation
[    3.911583] scsi target2:0:0: Domain Validation skipping write tests
[    3.915423] scsi target2:0:0: Ending Domain Validation
[    3.918885] scsi target2:0:0: asynchronous
[    3.924099] scsi 2:0:1:0: Direct-Access     VBOX     HARDDISK         1.0  PQ: 0 ANSI: 5
[    3.929116] scsi target2:0:1: Beginning Domain Validation
[    4.183231] scsi target2:0:1: Domain Validation skipping write tests
[    4.187876] scsi target2:0:1: Ending Domain Validation
[    4.191580] scsi target2:0:1: asynchronous
[    4.209717] sd 2:0:0:0: [sda] 83886080 512-byte logical blocks: (42.9 GB/40.0 GiB)
[    4.214638] sd 2:0:0:0: Attached scsi generic sg0 type 0
[    4.218692] sd 2:0:1:0: Attached scsi generic sg1 type 0
[    4.222987] sd 2:0:0:0: [sda] Write Protect is off
[    4.226771] sd 2:0:0:0: [sda] Incomplete mode parameter data
[    4.230471] sd 2:0:0:0: [sda] Assuming drive cache: write through
[    4.248487] sd 2:0:1:0: [sdb] 20480 512-byte logical blocks: (10.5 MB/10.0 MiB)
[    4.254534] sd 2:0:1:0: [sdb] Write Protect is off
[    4.259908]  sda: sda1
[    4.263038] sd 2:0:1:0: [sdb] Incomplete mode parameter data
[    4.266821] sd 2:0:1:0: [sdb] Assuming drive cache: write through
[    4.272122] sd 2:0:0:0: [sda] Attached SCSI disk
[    4.279492] sd 2:0:1:0: [sdb] Attached SCSI disk
[    4.422141] e1000 0000:00:08.0 eth1: (PCI:33MHz:32-bit) 08:00:27:31:dc:eb
[    4.426415] e1000 0000:00:08.0 eth1: Intel(R) PRO/1000 Network Connection
[    4.431530] e1000 0000:00:08.0 enp0s8: renamed from eth1
[    4.444270] e1000 0000:00:03.0 enp0s3: renamed from eth0
Begin: Loading essential drivers ... [    5.877076] md: linear personality registered for level -1
[    5.883163] md: multipath personality registered for level -4
[    5.888965] md: raid0 personality registered for level 0
[    5.901172] md: raid1 personality registered for level 1
[    5.972067] raid6: sse2x1   gen() 13781 MB/s
[    6.040364] raid6: sse2x1   xor()  9322 MB/s
[    6.108690] raid6: sse2x2   gen() 19893 MB/s
[    6.176054] raid6: sse2x2   xor() 12842 MB/s
[    6.244491] raid6: sse2x4   gen() 21190 MB/s
[    6.312794] raid6: sse2x4   xor() 13428 MB/s
[    6.315855] raid6: using algorithm sse2x4 gen() 21190 MB/s
[    6.319377] raid6: .... xor() 13428 MB/s, rmw enabled
[    6.322396] raid6: using ssse3x2 recovery algorithm
[    6.326863] xor: measuring software checksum speed
[    6.368204]    prefetch64-sse: 30623.000 MB/sec
[    6.408371]    generic_sse: 23364.000 MB/sec
[    6.411198] xor: using function: prefetch64-sse (30623.000 MB/sec)
[    6.416511] async_tx: api initialized (async)
[    6.446610] md: raid6 personality registered for level 6
[    6.449775] md: raid5 personality registered for level 5
[    6.452916] md: raid4 personality registered for level 4
[    6.470435] md: raid10 personality registered for level 10
done.
Begin: Running /scripts/init-premount ... done.
Begin: Mounting root file system ... Begin: Running /scripts/local-top ... done.
Begin: Running /scripts/local-premount ... [    6.525143] Btrfs loaded
Scanning for Btrfs filesystems
done.
Begin: Will now check root file system ... fsck from util-linux 2.27.1
[/sbin/fsck.ext4 (1) -- /dev/sda1] fsck.ext4 -a -C0 /dev/sda1 
cloudimg-rootfs: clean, 187500/5120000 files, 1254506/10485499 blocks
done.
[    6.581994] EXT4-fs (sda1): mounted filesystem with ordered data mode. Opts: (null)
done.
Begin: Running /scripts/local-bottom ... done.
Begin: Running /scripts/init-bottom ... done.
[    6.724491] systemd[1]: systemd 229 running in system mode. (+PAM +AUDIT +SELINUX +IMA +APPARMOR +SMACK +SYSVINIT +UTMP +LIBCRYPTSETUP +GCRYPT +GNUTLS +ACL +XZ -LZ4 +SECCOMP +BLKID +ELFUTILS +KMOD -IDN)
[    6.735048] systemd[1]: Detected virtualization oracle.
[    6.738428] systemd[1]: Detected architecture x86-64.

Welcome to [1mUbuntu 16.04.7 LTS[0m!

[    6.748493] systemd[1]: Set hostname to <ubuntu1604>.
[    6.951330] systemd[1]: Listening on Journal Socket (/dev/log).
[[0;32m  OK  [0m] Listening on Journal Socket (/dev/log).
[    6.959679] systemd[1]: Created slice User and Session Slice.
[[0;32m  OK  [0m] Created slice User and Session Slice.
[    6.967309] systemd[1]: Listening on udev Kernel Socket.
[[0;32m  OK  [0m] Listening on udev Kernel Socket.
[    6.974392] systemd[1]: Listening on /dev/initctl Compatibility Named Pipe.
[[0;32m  OK  [0m] Listening on /dev/initctl Compatibility Named Pipe.
[    6.982585] systemd[1]: Listening on LVM2 poll daemon socket.
[[0;32m  OK  [0m] Listening on LVM2 poll daemon socket.
[    6.990053] systemd[1]: Listening on Journal Audit Socket.
[[0;32m  OK  [0m] Listening on Journal Audit Socket.
[    6.997416] systemd[1]: Reached target Encrypted Volumes.
[[0;32m  OK  [0m] Reached target Encrypted Volumes.
[    7.004610] systemd[1]: Started Forward Password Requests to Wall Directory Watch.
[[0;32m  OK  [0m] Started Forward Password Requests to Wall Directory Watch.
[    7.013353] systemd[1]: Listening on udev Control Socket.
[[0;32m  OK  [0m] Listening on udev Control Socket.
[    7.020547] systemd[1]: Listening on Device-mapper event daemon FIFOs.
[[0;32m  OK  [0m] Listening on Device-mapper event daemon FIFOs.
[    7.028779] systemd[1]: Created slice System Slice.
[[0;32m  OK  [0m] Created slice System Slice.
[    7.035456] systemd[1]: Reached target Slices.
[[0;32m  OK  [0m] Reached target Slices.
[    7.042070] systemd[1]: Set up automount Arbitrary Executable File Formats File System Automount Point.
[[0;32m  OK  [0m] Set up automount Arbitrary Executab...ats File System Automount Point.
[    7.052299] systemd[1]: Listening on Syslog Socket.
[[0;32m  OK  [0m] Listening on Syslog Socket.
[    7.058407] systemd[1]: Reached target User and Group Name Lookups.
[[0;32m  OK  [0m] Reached target User and Group Name Lookups.
[    7.066154] systemd[1]: Listening on fsck to fsckd communication Socket.
[[0;32m  OK  [0m] Listening on fsck to fsckd communication Socket.
[    7.074131] systemd[1]: Reached target Swap.
[[0;32m  OK  [0m] Reached target Swap.
[    7.080674] systemd[1]: Started Trigger resolvconf update for networkd DNS.
[[0;32m  OK  [0m] Started Trigger resolvconf update for networkd DNS.
[    7.089148] systemd[1]: Listening on Journal Socket.
[[0;32m  OK  [0m] Listening on Journal Socket.
[    7.108551] systemd[1]: Starting Uncomplicated firewall...
         Starting Uncomplicated firewall...
[    7.116812] systemd[1]: Starting Journal Service...
         Starting Journal Service...
[    7.126026] systemd[1]: Started Braille Device Support.
[[0;32m  OK  [0m] Started Braille Device Support.
[    7.137883] systemd[1]: Starting Load Kernel Modules...
         Starting Load Kernel Modules...
[    7.150302] systemd[1]: Mounting Huge Pages File System...
         Mounting Huge Pages File System...
[    7.163855] systemd[1]: Starting Set console keymap...
         Starting Set console keymap...[    7.171574] lp: driver loaded but no devices found

[    7.178998] systemd[1]: Mounting Debug File System...
[    7.183362] ppdev: user-space parallel port driver
         Mounting Debug File System...
[    7.191250] systemd[1]: Listening on LVM2 metadata daemon socket.
[[0;32m  OK  [0m] Listening on LVM2 metadata daemon socket.
[    7.200556] systemd[1]: Starting Monitoring of LVM2 mirrors, snapshots etc. using dmeventd or progress polling...
         Starting Monitoring of LVM2 mirrors... dmeventd or progress polling...
[    7.215291] systemd[1]: Starting Remount Root and Kernel File Systems...
         Starting Remount Root and Kernel File Systems...
[    7.223431] systemd[1]: Reached target System Time Synchronized.
[    7.228290] EXT4-fs (sda1): re-mounted. Opts: (null)
[    7.232861] Loading iSCSI transport class v2.0-870.
[[0;32m  OK  [0m] Reached target System Time Synchronized.
[    7.246227] systemd[1]: Starting Create list of required static device nodes for the current kernel...
         Starting Create list of required st... nodes for the current kernel...[    7.257503] iscsi: registered transport (tcp)

[    7.265467] systemd[1]: Created slice system-serial\x2dgetty.slice.
[[0;32m  OK  [0m] Created slice system-serial\x2dgetty.slice.
[    7.297429] systemd[1]: Mounting POSIX Message Queue File System...
         Mounting POSIX Message Queue File System...
[    7.310439] systemd[1]: Mounted POSIX Message Queue File System.
[    7.315478] iscsi: registered transport (iser)
[[0;32m  OK  [0m] Mounted POSIX Message Queue File System.
[    7.320649] systemd[1]: Mounted Huge Pages File System.
[[0;32m  OK  [0m] Mounted Huge Pages File System.
[    7.326032] systemd[1]: Mounted Debug File System.
[[0;32m  OK  [0m] Mounted Debug File System.
[    7.331199] systemd[1]: Started Journal Service.
[[0;32m  OK  [0m] Started Journal Service.
[[0;32m  OK  [0m] Started Uncomplicated firewall.
[[0;32m  OK  [0m] Started Load Kernel Modules.
[[0;32m  OK  [0m] Started Set console keymap.
[[0;32m  OK  [0m] Started Remount Root and Kernel File Systems.
[[0;32m  OK  [0m] Started Create list of required sta...ce nodes for the current kernel.
[[0;32m  OK  [0m] Started LVM2 metadata daemon.
         Starting Create Static Device Nodes in /dev...
         Starting Load/Save Random Seed...
         Starting udev Coldplug all Devices...
         Starting Apply Kernel Variables...
         Mounting FUSE Control File System...
         Starting Flush Journal to Persistent Storage...
[[0;32m  OK  [0m] Mounted FUSE Control File System.
[[0;32m  OK  [0m] Started Load/Save Random Seed.
[    7.762931] systemd-journald[360]: Received request to flush runtime journal from PID 1
[[0;32m  OK  [0m] Started Apply Kernel Variables.
[[0;32m  OK  [0m] Started Flush Journal to Persistent Storage.
[[0;32m  OK  [0m] Started Create Static Device Nodes in /dev.
         Starting udev Kernel Device Manager...
[[0;32m  OK  [0m] Started udev Coldplug all Devices.
[[0;32m  OK  [0m] Started udev Kernel Device Manager.
[[0;32m  OK  [0m] Started Dispatch Password Requests to Console Directory Watch.
[[0;32m  OK  [0m] Found device /dev/ttyS0.
[[0;32m  OK  [0m] Listening on Load/Save RF Kill Switch Status /dev/rfkill Watch.
[[0;32m  OK  [0m] Started Monitoring of LVM2 mirrors,...ng dmeventd or progress polling.
[[0;32m  OK  [0m] Reached target Local File Systems (Pre).
[[0;32m  OK  [0m] Reached target Local File Systems.
         Starting Clean up any mess left by 0dns-up...
         Starting Initial cloud-init job (pre-networking)...
         Starting Set console font and keymap...
         Starting Create Volatile Files and Directories...
         Starting LSB: AppArmor initialization...
[    9.363701] cloud-init[578]: Cloud-init v. 21.1-19-gbad84ad4-0ubuntu1~16.04.2 running 'init-local' at Wed, 15 Sep 2021 17:06:13 +0000. Up 9.14 seconds.
         Starting Tell Plymouth To Write Out Runtime Data...
[[0;32m  OK  [0m] Started Create Volatile Files and Directories.
[[0;32m  OK  [0m] Started Tell Plymouth To Write Out Runtime Data.
[[0;32m  OK  [0m] Started Clean up any mess left by 0dns-up.
[[0;32m  OK  [0m] Started Initial cloud-init job (pre-networking).
         Starting Nameserver information manager...
         Starting Update UTMP about System Boot/Shutdown...
[[0;32m  OK  [0m] Started LSB: AppArmor initialization.
[[0;32m  OK  [0m] Found device 82540EM Gigabit Ethern...r (PRO/1000 MT Desktop Adapter).
[[0;32m  OK  [0m] Started Nameserver information manager.
[[0;32m  OK  [0m] Found device 82540EM Gigabit Ethern...r (PRO/1000 MT Desktop Adapter).
[[0;32m  OK  [0m] Started Set console font and keymap.
[[0;32m  OK  [0m] Created slice system-getty.slice.
[[0;32m  OK  [0m] Reached target Network (Pre).
[[0;32m  OK  [0m] Started ifup for enp0s3.
[[0;32m  OK  [0m] Started ifup for enp0s8.
         Starting Load AppArmor profiles managed internally by snapd...
         Starting Raise network interfaces...
[[0;32m  OK  [0m] Started Update UTMP about System Boot/Shutdown.
[[0;32m  OK  [0m] Started Load AppArmor profiles managed internally by snapd.
[[0;32m  OK  [0m] Started Raise network interfaces.
         Starting Initial cloud-init job (metadata service crawler)...
[   10.594357] cloud-init[1180]: Cloud-init v. 21.1-19-gbad84ad4-0ubuntu1~16.04.2 running 'init' at Wed, 15 Sep 2021 17:06:14 +0000. Up 10.41 seconds.
[   10.598556] cloud-init[1180]: ci-info: ++++++++++++++++++++++++++++++++++++++Net device info+++++++++++++++++++++++++++++++++++++++
[   10.602177] cloud-init[1180]: ci-info: +--------+------+-----------------------------+---------------+--------+-------------------+
[   10.605675] cloud-init[1180]: ci-info: | Device |  Up  |           Address           |      Mask     | Scope  |     Hw-Address    |
[   10.609307] cloud-init[1180]: ci-info: +--------+------+-----------------------------+---------------+--------+-------------------+
[   10.612661] cloud-init[1180]: ci-info: | enp0s3 | True |          10.0.2.15          | 255.255.255.0 | global | 02:a0:46:b5:71:eb |
[   10.615928] cloud-init[1180]: ci-info: | enp0s3 | True |  fe80::a0:46ff:feb5:71eb/64 |       .       |  link  | 02:a0:46:b5:71:eb |
[   10.619378] cloud-init[1180]: ci-info: | enp0s8 | True |          10.0.0.10          | 255.255.255.0 | global | 08:00:27:31:dc:eb |
[   10.622870] cloud-init[1180]: ci-info: | enp0s8 | True | fe80::a00:27ff:fe31:dceb/64 |       .       |  link  | 08:00:27:31:dc:eb |
[   10.626311] cloud-init[1180]: ci-info: |   lo   | True |          127.0.0.1          |   255.0.0.0   |  host  |         .         |
[   10.629676] cloud-init[1180]: ci-info: |   lo   | True |           ::1/128           |       .       |  host  |         .         |
[   10.633206] cloud-init[1180]: ci-info: +--------+------+-----------------------------+---------------+--------+-------------------+
[   10.636695] cloud-init[1180]: ci-info: +++++++++++++++++++++++++++Route IPv4 info++++++++++++++++++++++++++++
[   10.639884] cloud-init[1180]: ci-info: +-------+-------------+----------+---------------+-----------+-------+
[   10.643098] cloud-init[1180]: ci-info: | Route | Destination | Gateway  |    Genmask    | Interface | Flags |
[   10.646194] cloud-init[1180]: ci-info: +-------+-------------+----------+---------------+-----------+-------+
[   10.649227] cloud-init[1180]: ci-info: |   0   |   0.0.0.0   | 10.0.2.2 |    0.0.0.0    |   enp0s3  |   UG  |
[   10.652265] cloud-init[1180]: ci-info: |   1   |   10.0.0.0  | 0.0.0.0  | 255.255.255.0 |   enp0s8  |   U   |
[   10.655419] cloud-init[1180]: ci-info: |   2   |   10.0.2.0  | 0.0.0.0  | 255.255.255.0 |   enp0s3  |   U   |
[   10.658755] cloud-init[1180]: ci-info: |   3   | 169.254.0.0 | 0.0.0.0  |  255.255.0.0  |   enp0s8  |   U   |
[   10.661785] cloud-init[1180]: ci-info: +-------+-------------+----------+---------------+-----------+-------+
[   10.665019] cloud-init[1180]: ci-info: +++++++++++++++++++Route IPv6 info+++++++++++++++++++
[   10.667877] cloud-init[1180]: ci-info: +-------+-------------+---------+-----------+-------+
[   10.670698] cloud-init[1180]: ci-info: | Route | Destination | Gateway | Interface | Flags |
[   10.673549] cloud-init[1180]: ci-info: +-------+-------------+---------+-----------+-------+
[   10.676489] cloud-init[1180]: ci-info: |   0   |  fe80::/64  |    ::   |   enp0s8  |   U   |
[   10.679213] cloud-init[1180]: ci-info: |   1   |  fe80::/64  |    ::   |   enp0s3  |   U   |
[   10.682217] cloud-init[1180]: ci-info: |   4   |   ff00::/8  |    ::   |   enp0s8  |   U   |
[   10.685157] cloud-init[1180]: ci-info: |   5   |   ff00::/8  |    ::   |   enp0s3  |   U   |
[   10.687939] cloud-init[1180]: ci-info: +-------+-------------+---------+-----------+-------+
[[0;32m  OK  [0m] Started Initial cloud-init job (metadata service crawler).
[[0;32m  OK  [0m] Reached target Cloud-config availability.
[[0;32m  OK  [0m] Reached target System Initialization.
[[0;32m  OK  [0m] Listening on Avahi mDNS/DNS-SD Stack Activation Socket.
[[0;32m  OK  [0m] Listening on CUPS Scheduler.
         Starting Socket activation for snappy daemon.
[[0;32m  OK  [0m] Started Daily Cleanup of Temporary Directories.
[[0;32m  OK  [0m] Started Daily apt download activities.
[[0;32m  OK  [0m] Started Daily apt upgrade and clean activities.
[[0;32m  OK  [0m] Listening on D-Bus System Message Bus Socket.
[[0;32m  OK  [0m] Listening on ACPID Listen Socket.
[[0;32m  OK  [0m] Started CUPS Scheduler.
         Starting LXD - unix socket.
[[0;32m  OK  [0m] Started Message of the Day.
[[0;32m  OK  [0m] Started ACPI Events Check.
[[0;32m  OK  [0m] Reached target Paths.
[[0;32m  OK  [0m] Started Ubuntu Advantage update messaging.
[[0;32m  OK  [0m] Reached target Timers.
[[0;32m  OK  [0m] Listening on UUID daemon activation socket.
[[0;32m  OK  [0m] Listening on Socket activation for snappy daemon.
[[0;32m  OK  [0m] Listening on LXD - unix socket.
[[0;32m  OK  [0m] Reached target Sockets.
[[0;32m  OK  [0m] Reached target Basic System.
         Starting Login Service...
[[0;32m  OK  [0m] Started CUPS Scheduler.
         Starting Detect the available GPUs and deal with any system changes...
         Starting Accounts Service...
         Starting LSB: Record successful boot for GRUB...
[[0;32m  OK  [0m] Started Deferred execution scheduler.
         Starting Virtualbox guest utils...
         Starting LXD - container startup/shutdown...
         Starting System Logging Service...
[[0;32m  OK  [0m] Started ACPI event daemon.
[[0;32m  OK  [0m] Started FUSE filesystem for LXC.
[[0;32m  OK  [0m] Started Regular background program processing daemon.
         Starting Restore /etc/resolv.conf i...re the ppp link was shut down...
         Starting LSB: MD monitoring daemon...
         Starting Snap Daemon...
         Starting Avahi mDNS/DNS-SD Stack...
[[0;32m  OK  [0m] Started Run anacron jobs.
[[0;32m  OK  [0m] Started D-Bus System Message Bus.
[[0;32m  OK  [0m] Started Avahi mDNS/DNS-SD Stack.
[[0;32m  OK  [0m] Started Make remote CUPS printers available locally.
         Starting Network Manager...
[[0;32m  OK  [0m] Started System Logging Service.
[[0;32m  OK  [0m] Started Detect the available GPUs and deal with any system changes.
[[0;32m  OK  [0m] Started LXD - container startup/shutdown.
[[0;32m  OK  [0m] Started Restore /etc/resolv.conf if...fore the ppp link was shut down.
[[0;32m  OK  [0m] Started Login Service.
         Starting Authenticate and Authorize Users to Run Privileged Tasks...
[[0;32m  OK  [0m] Started LSB: MD monitoring daemon.
[[0;32m  OK  [0m] Started Authenticate and Authorize Users to Run Privileged Tasks.
[[0;32m  OK  [0m] Started Accounts Service.
[[0;32m  OK  [0m] Started LSB: Record successful boot for GRUB.
[[0;32m  OK  [0m] Started Network Manager.
[[0;32m  OK  [0m] Reached target Network.
[[0;32m  OK  [0m] Started Unattended Upgrades Shutdown.
         Starting Network Manager Wait Online...
         Starting Network Manager Script Dispatcher Service...
[[0;32m  OK  [0m] Started Network Manager Script Dispatcher Service.
         Starting Hostname Service...
[[0;32m  OK  [0m] Started Virtualbox guest utils.
[[0;32m  OK  [0m] Started Hostname Service.
[[0;32m  OK  [0m] Started Network Manager Wait Online.
[[0;32m  OK  [0m] Reached target Network is Online.
         Starting iSCSI initiator daemon (iscsid)...
         Starting OpenBSD Secure Shell server...
         Starting /etc/rc.local Compatibility...
[[0;32m  OK  [0m] Started crash report submission daemon.
[[0;32m  OK  [0m] Started Snap Daemon.
[[0;32m  OK  [0m] Started /etc/rc.local Compatibility.
         Starting Wait until snapd is fully seeded...
[[0;32m  OK  [0m] Started iSCSI initiator daemon (iscsid).
         Starting Login to default iSCSI targets...
[[0;32m  OK  [0m] Started OpenBSD Secure Shell server.
[[0;32m  OK  [0m] Started Login to default iSCSI targets.
[[0;32m  OK  [0m] Reached target Remote File Systems (Pre).
         Mounting /vagrant...
         Mounting /home/vagrant/sync-data...
[[0;32m  OK  [0m] Mounted /vagrant.
[[0;32m  OK  [0m] Mounted /home/vagrant/sync-data.
[[0;32m  OK  [0m] Reached target Remote File Systems.
         Starting LSB: Speech Dispatcher...
         Starting LSB: automatic crash report generation...
         Starting Permit User Sessions...
         Starting LSB: daemon to balance interrupts for SMP systems...
         Starting LSB: Set the CPU Frequency Scaling governor to "ondemand"...
[[0;32m  OK  [0m] Started Permit User Sessions.
         Starting Light Display Manager...
         Starting Hold until boot process finishes up...
[[0;32m  OK  [0m] Started Hold until boot process finishes up.
[[0;32m  OK  [0m] Started Serial Getty on ttyS0.
[[0;32m  OK  [0m] Started Getty on tty1.
[[0;32m  OK  [0m] Reached target Login Prompts.
         Starting Set console scheme...
[[0;32m  OK  [0m] Started Set console scheme.
[[0;32m  OK  [0m] Started LSB: Speech Dispatcher.
[[0;32m  OK  [0m] Started LSB: Set the CPU Frequency Scaling governor to "ondemand".
[[0;32m  OK  [0m] Created slice User Slice of vagrant.
[[0;32m  OK  [0m] Started LSB: daemon to balance interrupts for SMP systems.
[[0;32m  OK  [0m] Started Wait until snapd is fully seeded.
[[0;32m  OK  [0m] Started Session 1 of user vagrant.
         Starting Apply the settings specified in cloud-config...
         Starting User Manager for UID 1000...
[[0;32m  OK  [0m] Started Light Display Manager.
[[0;32m  OK  [0m] Started User Manager for UID 1000.
[[0;32m  OK  [0m] Started LSB: automatic crash report generation.
[[0;32m  OK  [0m] Reached target Multi-User System.
[[0;32m  OK  [0m] Reached target Graphical Interface.
         Starting Update UTMP about System Runlevel Changes...
[[0;32m  OK  [0m] Started Update UTMP about System Runlevel Changes.
[   12.436571] cloud-init[1521]: Cloud-init v. 21.1-19-gbad84ad4-0ubuntu1~16.04.2 running 'modules:config' at Wed, 15 Sep 2021 17:06:16 +0000. Up 12.37 seconds.
[[0;32m  OK  [0m] Started Apply the settings specified in cloud-config.
         Starting Execute cloud user/final scripts...
[[0;32m  OK  [0m] Created slice User Slice of lightdm.
         Starting User Manager for UID 112...
[[0;32m  OK  [0m] Started Session c1 of user lightdm.
[[0;32m  OK  [0m] Started User Manager for UID 112.
[   13.011689] cloud-init[1620]: Cloud-init v. 21.1-19-gbad84ad4-0ubuntu1~16.04.2 running 'modules:final' at Wed, 15 Sep 2021 17:06:16 +0000. Up 12.87 seconds.
[   13.015748] cloud-init[1620]: Cloud-init v. 21.1-19-gbad84ad4-0ubuntu1~16.04.2 finished at Wed, 15 Sep 2021 17:06:16 +0000. Datasource DataSourceNoCloud [seed=/dev/sdb][dsmode=net].  Up 13.00 seconds
[[0;32m  OK  [0m] Started Execute cloud user/final scripts.
[[0;32m  OK  [0m] Reached target Cloud-init target.

Ubuntu 16.04.7 LTS ubuntu1604 ttyS0

ubuntu1604 login: 